\BOOKMARK [0][-]{titlepage.0}{TITLE\040PAGE}{}% 1
\BOOKMARK [0][-]{committeeapproval.0}{COMMITTEE\040APPROVAL}{}% 2
\BOOKMARK [0][-]{dedication.0}{DEDICATION}{}% 3
\BOOKMARK [0][-]{acknowledments.0}{ACKNOWLEDGMENTS}{}% 4
\BOOKMARK [0][-]{preface.0}{PREFACE}{}% 5
\BOOKMARK [0][-]{Contents.0}{TABLE\040OF\040CONTENTS}{}% 6
\BOOKMARK [0][-]{chapter*.5}{LIST\040OF\040TABLES}{}% 7
\BOOKMARK [0][-]{chapter*.6}{LIST\040OF\040FIGURES}{}% 8
\BOOKMARK [0][-]{chapter*.7}{LIST\040OF\040PROTOCOLS}{}% 9
\BOOKMARK [0][-]{chapter*.8}{LIST\040OF\040SCHEMES}{}% 10
\BOOKMARK [0][-]{chapter*.9}{LIST\040OF\040SYMBOLS}{}% 11
\BOOKMARK [0][-]{chapter*.10}{ABBREVIATIONS}{}% 12
\BOOKMARK [0][-]{chapter*.11}{NOMENCLATURE}{}% 13
\BOOKMARK [0][-]{chapter*.12}{GLOSSARY}{}% 14
\BOOKMARK [0][-]{chapter*.13}{ABSTRACT}{}% 15
\BOOKMARK [0][-]{chapter.14}{DEVELOPMENT\040OF\040A\040COMPUTATIONAL\040PLATFORM\040FOR\040STOCHASTIC\040OPTIMIZATION\040OF\040CHEMICAL\040SPACES}{}% 16
\BOOKMARK [1][-]{section.15}{Abstract}{chapter.14}% 17
\BOOKMARK [1][-]{section.16}{Introduction}{chapter.14}% 18
\BOOKMARK [1][-]{section.17}{Methods}{chapter.14}% 19
\BOOKMARK [2][-]{subsection.18}{Formulation\040of\040the\040native\040Paddy\040Field\040Algorithm}{section.17}% 20
\BOOKMARK [0][-]{chapter.21}{DATA\040DRIVEN\040SELECTION\040OF\040SOLVENTS\040FOR\040ORGANIC\040TRANSFORMATIONS}{}% 21
\BOOKMARK [0][-]{chapter.22}{STATISTICAL\040METHODOLOGY\040AND\040APPLICATIONS\040FOR\040AUTOMATED\040ANALYSIS\040AND\040GUIDANCE\040OF\040ANTIBODY\040ASSAY\040DEVELOPMENTS}{}% 22
\BOOKMARK [1][-]{section.23}{Abstract}{chapter.22}% 23
\BOOKMARK [1][-]{section.24}{Introduction}{chapter.22}% 24
\BOOKMARK [1][-]{section.25}{Materials\040and\040Methods}{chapter.22}% 25
\BOOKMARK [2][-]{subsection.26}{Generation\040of\040Anti-Idiotypic\040Antibodies}{section.25}% 26
\BOOKMARK [2][-]{subsection.27}{Serum\040and\040Hybridoma\040Screening}{section.25}% 27
\BOOKMARK [2][-]{subsection.28}{Serum\040and\040Hybridoma\040Screening}{section.25}% 28
\BOOKMARK [2][-]{subsection.29}{Epitope\040Binning}{section.25}% 29
\BOOKMARK [2][-]{subsection.30}{Indirect\040ECL-based\040Anti-ID\040Screening}{section.25}% 30
\BOOKMARK [2][-]{subsection.31}{Anti-ID\040Biotin\040and\040Sulfo-TAG\040Labeling}{section.25}% 31
\BOOKMARK [2][-]{subsection.32}{PK\040Assay\040Format\040and\040Labeled-Anti-ID\040Screening}{section.25}% 32
\BOOKMARK [2][-]{subsection.33}{Generation\040of\040a\040Recombinant\040Anti-ID\040Reagents}{section.25}% 33
\BOOKMARK [2][-]{subsection.34}{Score\040Calculations\040for\040Human-defined\040Metrics}{section.25}% 34
\BOOKMARK [2][-]{subsection.47}{Scoring\040Tool}{section.25}% 35
\BOOKMARK [2][-]{subsection.51}{Data\040Dependent\040Scoring}{section.25}% 36
\BOOKMARK [1][-]{section.53}{Results}{chapter.22}% 37
\BOOKMARK [2][-]{subsection.54}{Generation\040of\040Anti-IDs\040and\040Initial\040Selection}{section.53}% 38
\BOOKMARK [2][-]{subsection.59}{Scoring\040Tool\040and\040Graphical\040User\040Interface}{section.53}% 39
\BOOKMARK [2][-]{subsection.60}{Gaussian\040Mixture\040Model\040Based\040Scoring}{section.53}% 40
\BOOKMARK [1][-]{section.62}{Discussion}{chapter.22}% 41
\BOOKMARK [1][-]{section.65}{Conclusion}{chapter.22}% 42
\BOOKMARK [1][-]{section.66}{Future\040Directions}{chapter.22}% 43
\BOOKMARK [0][-]{chapter.68}{ALGORITHM\040GUIDED\040EXPERIMENTATION\040OF\040ION-MOLECULE\040REACTIONS\040IN\040MASS\040SPECTROMETRY}{}% 44
\BOOKMARK [0][-]{chapter.69}{SUMMARY}{}% 45
\BOOKMARK [1][-]{section.70}{First\040Section}{chapter.69}% 46
\BOOKMARK [0][-]{chapter.71}{RECOMMENDATIONS}{}% 47
\BOOKMARK [0][-]{chapter.72}{TEST}{}% 48
\BOOKMARK [0][-]{chapter.73}{PHYSICS}{}% 49
\BOOKMARK [0][-]{chapter*.74}{PUBLICATION\(S\)}{}% 50
\BOOKMARK [0][-]{index.0}{INDEX}{}% 51
